<?xml version="1.0" encoding="UTF-8"?>
<!-- Generated by org.testng.reporters.JUnitReportReporter -->
<testsuite hostname="BDC8-LX-6LNPFW2" failures="0" tests="1" name="missouri.Baseclass" time="869.451" errors="0" timestamp="2020-03-28T19:12:17 IST" skipped="0">
  <testcase classname="missouri.Baseclass" name="actionclick" time="869.451"/>
</testsuite> <!-- missouri.Baseclass -->
