<?xml version="1.0" encoding="UTF-8"?>
<!-- Generated by org.testng.reporters.JUnitReportReporter -->
<testsuite hostname="Pramod" failures="0" tests="1" name="mainPackage.DOR" time="43.308" errors="0" timestamp="2025-06-28T08:45:32 IST" skipped="0">
  <testcase classname="mainPackage.DOR" name="regression" time="43.308"/>
</testsuite> <!-- mainPackage.DOR -->
