<?xml version="1.0" encoding="UTF-8"?>
<!-- Generated by org.testng.reporters.JUnitReportReporter -->
<testsuite hostname="BDC7-L-50WYCL3" failures="0" tests="1" name="mainPackage.Ohio" time="64.663" errors="0" timestamp="2025-03-21T15:44:50 IST" skipped="0">
  <testcase classname="mainPackage.Ohio" name="regression" time="64.663"/>
</testsuite> <!-- mainPackage.Ohio -->
