<?xml version="1.0" encoding="UTF-8"?>
<!-- Generated by org.testng.reporters.JUnitReportReporter -->
<testsuite hostname="Pramod" failures="0" tests="1" name="mainPackage.DOR" time="59.001" errors="0" timestamp="2025-06-27T08:35:14 IST" skipped="0">
  <testcase classname="mainPackage.DOR" name="regression" time="59.001"/>
</testsuite> <!-- mainPackage.DOR -->
