<?xml version="1.0" encoding="UTF-8"?>
<!-- Generated by org.testng.reporters.JUnitReportReporter -->
<testsuite hostname="Pramod" failures="0" tests="2" name="mainPackage.Baseclass" time="3.846" errors="0" timestamp="2025-06-28T08:45:32 IST" skipped="1">
  <testcase classname="mainPackage.Baseclass" name="regression" time="3.846"/>
  <testcase classname="mainPackage.Baseclass" name="accessibility">
    <skipped/>
  </testcase> <!-- accessibility -->
</testsuite> <!-- mainPackage.Baseclass -->
