<?xml version="1.0" encoding="UTF-8"?>
<!-- Generated by org.testng.reporters.JUnitReportReporter -->
<testsuite hostname="Pramod" failures="0" tests="2" name="mainPackage.Baseclass" time="1.277" errors="0" timestamp="2025-06-27T08:35:14 IST" skipped="1">
  <testcase classname="mainPackage.Baseclass" name="regression" time="1.277"/>
  <testcase classname="mainPackage.Baseclass" name="accessibility">
    <skipped/>
  </testcase> <!-- accessibility -->
</testsuite> <!-- mainPackage.Baseclass -->
